<?xml version="1.0" encoding="UTF-8"?>
<!-- Generated by org.testng.reporters.JUnitReportReporter -->
<testsuite hostname="LAPTOP-RAQOTQJ9" failures="0" tests="1" name="selenium.project.tests.LoginTest" time="5.718" errors="0" timestamp="2024-07-12T00:51:00 BDT" skipped="0">
  <testcase classname="selenium.project.tests.LoginTest" name="loginIntoShop" time="5.718"/>
</testsuite> <!-- selenium.project.tests.LoginTest -->
