<?xml version="1.0" encoding="UTF-8"?>
<!-- Generated by org.testng.reporters.JUnitReportReporter -->
<testsuite hostname="LAPTOP-RAQOTQJ9" failures="0" tests="1" name="selenium.project.tests.creatUserTest" time="20.303" errors="0" timestamp="2024-07-11T16:38:15 BDT" skipped="0">
  <testcase classname="selenium.project.tests.creatUserTest" name="createNewUser" time="20.303"/>
</testsuite> <!-- selenium.project.tests.creatUserTest -->
